================================================================================
NE 591 Inlab #06
Author: Kirill Shumilov
Date: 02/14/2025
--------------------------------------------------------------------------------
Solving Ax=b using iterative methods: PJ, GS, and SOR,
where A is specially generated function
================================================================================
                                     Inputs                                     
--------------------------------------------------------------------------------
Matrix Rank: 5
Selected method: Successive Over Relaxation
Fixed-Point Iteration:
	Maximum Number of Iterations: 100
	Tolerance: 1.000000e-06
	Relaxation Factor: 1.050000e+00
--------------------------------------------------------------------------------
Original matrix, A:
[[ 1.150000e+00 -3.333333e-01 -2.500000e-01 -2.000000e-01 -1.666667e-01] 
 [-3.333333e-01  1.042857e+00 -2.000000e-01 -1.666667e-01 -1.428571e-01] 
 [-2.500000e-01 -2.000000e-01  9.178571e-01 -1.428571e-01 -1.250000e-01] 
 [-2.000000e-01 -1.666667e-01 -1.428571e-01  8.206349e-01 -1.111111e-01] 
 [-1.666667e-01 -1.428571e-01 -1.250000e-01 -1.111111e-01  7.456349e-01]]

RHS vector, b:
[ 1.000000e+00  1.000000e+00  1.000000e+00  1.000000e+00  1.000000e+00]
================================================================================
                                    Results                                     
--------------------------------------------------------------------------------
Converged at iteration #29    with residual 7.035968e-07
Solution Vector, x:
[ 4.999998e+00  4.999999e+00  4.999999e+00  4.999999e+00  4.999999e+00]
================================================================================
