================================================================================
NE 591 Inlab #06
Author: Kirill Shumilov
Date: 02/14/2025
--------------------------------------------------------------------------------
Solving Ax=b using iterative methods: PJ, GS, and SOR
================================================================================
                                     Inputs                                     
--------------------------------------------------------------------------------
Selected method: Point Jacobi
Fixed-Point Iteration:
	Maximum Number of Iterations: 100
	Tolerance: 1.000000e-05
--------------------------------------------------------------------------------
Original matrix, A:
[[ 2.000000e+00 -1.000000e+00 -2.000000e+00] 
 [-4.000000e+00  6.000000e+00  3.000000e+00] 
 [-4.000000e+00 -2.000000e+00  8.000000e+00]]

RHS vector, b:
[-6.000000e+00  1.700000e+01  1.600000e+01]
================================================================================
                                    Results                                     
--------------------------------------------------------------------------------
Converged at iteration #87 with error 9.772668e-06
Solution Vector, x:
[ 9.999861e-01  1.999995e+00  2.999991e+00]
================================================================================
