================================================================================
NE 591 Project #01
Author: Kirill Shumilov
Date: 02/28/2025
--------------------------------------------------------------------------------
Solving 2D steady state, one speed diffusion equation in a non-multiplying,
isotropic scattering homogeneous medium, using LUP, PJ, GS, or SOR
================================================================================
                                     Inputs                                     
Space Dimensions, a x b.................: 1.000000e+00 x 1.000000e+00
Non-Zero Grid Points, M x N.............: 7 x 7
Diffusion Coefficient, D................: 1
Macroscopic Removal Cross Section, Sa...: 2
Source, q...............................:
[[ 0.000000e+00  0.000000e+00  0.000000e+00  0.000000e+00  0.000000e+00  0.000000e+00  0.000000e+00] 
 [ 0.000000e+00  0.000000e+00  0.000000e+00  0.000000e+00  0.000000e+00  0.000000e+00  0.000000e+00] 
 [ 0.000000e+00  0.000000e+00  5.000000e-01  5.000000e-01  5.000000e-01  0.000000e+00  0.000000e+00] 
 [ 0.000000e+00  0.000000e+00  5.000000e-01  1.000000e+00  5.000000e-01  0.000000e+00  0.000000e+00] 
 [ 0.000000e+00  0.000000e+00  5.000000e-01  5.000000e-01  5.000000e-01  0.000000e+00  0.000000e+00] 
 [ 0.000000e+00  0.000000e+00  0.000000e+00  0.000000e+00  0.000000e+00  0.000000e+00  0.000000e+00] 
 [ 0.000000e+00  0.000000e+00  0.000000e+00  0.000000e+00  0.000000e+00  0.000000e+00  0.000000e+00]]
................................................................................
Selected Method: Successive Over Relaxation
Fixed-Point Iteration:
	Maximum Number of Iterations: 100
	Tolerance: 1.000000e-07
	Relaxation Factor: 1.500000e+00
================================================================================
                                    Results                                     
--------------------------------------------------------------------------------
Flux, phi <7 x 7, e>:
[[ 1.131809e-03  2.281302e-03  3.300628e-03  3.703100e-03  3.300628e-03  2.281302e-03  1.131809e-03] 
 [ 2.281302e-03  4.764060e-03  7.321257e-03  8.326864e-03  7.321257e-03  4.764060e-03  2.281302e-03] 
 [ 3.300628e-03  7.321257e-03  1.312226e-02  1.522206e-02  1.312226e-02  7.321257e-03  3.300628e-03] 
 [ 3.703100e-03  8.326864e-03  1.522206e-02  1.898003e-02  1.522206e-02  8.326864e-03  3.703100e-03] 
 [ 3.300628e-03  7.321257e-03  1.312226e-02  1.522206e-02  1.312226e-02  7.321257e-03  3.300628e-03] 
 [ 2.281302e-03  4.764060e-03  7.321257e-03  8.326864e-03  7.321257e-03  4.764060e-03  2.281302e-03] 
 [ 1.131809e-03  2.281302e-03  3.300628e-03  3.703100e-03  3.300628e-03  2.281302e-03  1.131809e-03]]
................................................................................
Max abs residual: 1.491058e-08
Converged at iteration #29   :
	Relative error: 4.049411e-08
................................................................................
Execution time: 00.000109000 seconds.
================================================================================
